Traceback (most recent call last):
  File "/home/alonsolml/mambaforge/envs/nc-book/lib/python3.11/site-packages/jupyter_cache/executors/utils.py", line 51, in single_nb_execution
    executenb(
  File "/home/alonsolml/mambaforge/envs/nc-book/lib/python3.11/site-packages/nbclient/client.py", line 1204, in execute
    return NotebookClient(nb=nb, resources=resources, km=km, **kwargs).execute()
           ^^^^^^^^^^^^^^^^^^^^^^^^^^^^^^^^^^^^^^^^^^^^^^^^^^^^^^^^^^^^^^^^^^^^^
  File "/home/alonsolml/mambaforge/envs/nc-book/lib/python3.11/site-packages/nbclient/util.py", line 84, in wrapped
    return just_run(coro(*args, **kwargs))
           ^^^^^^^^^^^^^^^^^^^^^^^^^^^^^^^
  File "/home/alonsolml/mambaforge/envs/nc-book/lib/python3.11/site-packages/nbclient/util.py", line 62, in just_run
    return loop.run_until_complete(coro)
           ^^^^^^^^^^^^^^^^^^^^^^^^^^^^^
  File "/home/alonsolml/mambaforge/envs/nc-book/lib/python3.11/asyncio/base_events.py", line 650, in run_until_complete
    return future.result()
           ^^^^^^^^^^^^^^^
  File "/home/alonsolml/mambaforge/envs/nc-book/lib/python3.11/contextlib.py", line 222, in __aexit__
    await self.gen.athrow(typ, value, traceback)
  File "/home/alonsolml/mambaforge/envs/nc-book/lib/python3.11/site-packages/nbclient/client.py", line 608, in async_setup_kernel
    yield
  File "/home/alonsolml/mambaforge/envs/nc-book/lib/python3.11/site-packages/nbclient/client.py", line 663, in async_execute
    await self.async_execute_cell(
  File "/home/alonsolml/mambaforge/envs/nc-book/lib/python3.11/site-packages/nbclient/client.py", line 965, in async_execute_cell
    await self._check_raise_for_error(cell, cell_index, exec_reply)
  File "/home/alonsolml/mambaforge/envs/nc-book/lib/python3.11/site-packages/nbclient/client.py", line 862, in _check_raise_for_error
    raise CellExecutionError.from_cell_and_msg(cell, exec_reply_content)
nbclient.exceptions.CellExecutionError: An error occurred while executing the following cell:
------------------
import numpy as np
import pandas as pd
import matplotlib.pyplot as plt 
import deepxde as dde
import seaborn as sns

from deepxde.backend import tf
from scipy.integrate import odeint

sns.set_theme(style="whitegrid")

%matplotlib inline
------------------

[0;31m---------------------------------------------------------------------------[0m
[0;31mModuleNotFoundError[0m                       Traceback (most recent call last)
Cell [0;32mIn[1], line 4[0m
[1;32m      2[0m [38;5;28;01mimport[39;00m [38;5;21;01mpandas[39;00m [38;5;28;01mas[39;00m [38;5;21;01mpd[39;00m
[1;32m      3[0m [38;5;28;01mimport[39;00m [38;5;21;01mmatplotlib[39;00m[38;5;21;01m.[39;00m[38;5;21;01mpyplot[39;00m [38;5;28;01mas[39;00m [38;5;21;01mplt[39;00m 
[0;32m----> 4[0m [38;5;28;01mimport[39;00m [38;5;21;01mdeepxde[39;00m [38;5;28;01mas[39;00m [38;5;21;01mdde[39;00m
[1;32m      5[0m [38;5;28;01mimport[39;00m [38;5;21;01mseaborn[39;00m [38;5;28;01mas[39;00m [38;5;21;01msns[39;00m
[1;32m      7[0m [38;5;28;01mfrom[39;00m [38;5;21;01mdeepxde[39;00m[38;5;21;01m.[39;00m[38;5;21;01mbackend[39;00m [38;5;28;01mimport[39;00m tf

File [0;32m~/mambaforge/envs/nc-book/lib/python3.11/site-packages/deepxde/__init__.py:17[0m
[1;32m     14[0m [38;5;28;01mfrom[39;00m [38;5;21;01m.[39;00m[38;5;21;01m__about__[39;00m [38;5;28;01mimport[39;00m __version__
[1;32m     16[0m [38;5;66;03m# Should import backend before importing anything else[39;00m
[0;32m---> 17[0m [38;5;28;01mfrom[39;00m [38;5;21;01m.[39;00m [38;5;28;01mimport[39;00m backend
[1;32m     19[0m [38;5;28;01mfrom[39;00m [38;5;21;01m.[39;00m [38;5;28;01mimport[39;00m callbacks
[1;32m     20[0m [38;5;28;01mfrom[39;00m [38;5;21;01m.[39;00m [38;5;28;01mimport[39;00m data

File [0;32m~/mambaforge/envs/nc-book/lib/python3.11/site-packages/deepxde/backend/__init__.py:100[0m
[1;32m     96[0m     set_default_backend([38;5;124m"[39m[38;5;124mtensorflow.compat.v1[39m[38;5;124m"[39m)
[1;32m     97[0m     [38;5;28;01mreturn[39;00m [38;5;124m"[39m[38;5;124mtensorflow.compat.v1[39m[38;5;124m"[39m
[0;32m--> 100[0m [43mload_backend[49m[43m([49m[43mget_preferred_backend[49m[43m([49m[43m)[49m[43m)[49m
[1;32m    103[0m [38;5;28;01mdef[39;00m [38;5;21mis_enabled[39m(api):
[1;32m    104[0m [38;5;250m    [39m[38;5;124;03m"""Return true if the api is enabled by the current backend.[39;00m
[1;32m    105[0m 
[1;32m    106[0m [38;5;124;03m    Args:[39;00m
[0;32m   (...)[0m
[1;32m    110[0m [38;5;124;03m        bool: ``True`` if the API is enabled by the current backend.[39;00m
[1;32m    111[0m [38;5;124;03m    """[39;00m

File [0;32m~/mambaforge/envs/nc-book/lib/python3.11/site-packages/deepxde/backend/__init__.py:36[0m, in [0;36mload_backend[0;34m(mod_name)[0m
[1;32m     33[0m     [38;5;28;01mraise[39;00m [38;5;167;01mNotImplementedError[39;00m([38;5;124m"[39m[38;5;124mUnsupported backend: [39m[38;5;132;01m%s[39;00m[38;5;124m"[39m [38;5;241m%[39m mod_name)
[1;32m     35[0m [38;5;28mprint[39m([38;5;124m"[39m[38;5;124mUsing backend: [39m[38;5;132;01m%s[39;00m[38;5;130;01m\n[39;00m[38;5;124m"[39m [38;5;241m%[39m mod_name, file[38;5;241m=[39msys[38;5;241m.[39mstderr, flush[38;5;241m=[39m[38;5;28;01mTrue[39;00m)
[0;32m---> 36[0m mod [38;5;241m=[39m [43mimportlib[49m[38;5;241;43m.[39;49m[43mimport_module[49m[43m([49m[38;5;124;43m"[39;49m[38;5;124;43m.[39;49m[38;5;132;43;01m%s[39;49;00m[38;5;124;43m"[39;49m[43m [49m[38;5;241;43m%[39;49m[43m [49m[43mmod_name[49m[38;5;241;43m.[39;49m[43mreplace[49m[43m([49m[38;5;124;43m"[39;49m[38;5;124;43m.[39;49m[38;5;124;43m"[39;49m[43m,[49m[43m [49m[38;5;124;43m"[39;49m[38;5;124;43m_[39;49m[38;5;124;43m"[39;49m[43m)[49m[43m,[49m[43m [49m[38;5;18;43m__name__[39;49m[43m)[49m
[1;32m     37[0m thismod [38;5;241m=[39m sys[38;5;241m.[39mmodules[[38;5;18m__name__[39m]
[1;32m     38[0m [38;5;66;03m# log backend name[39;00m

File [0;32m~/mambaforge/envs/nc-book/lib/python3.11/importlib/__init__.py:126[0m, in [0;36mimport_module[0;34m(name, package)[0m
[1;32m    124[0m             [38;5;28;01mbreak[39;00m
[1;32m    125[0m         level [38;5;241m+[39m[38;5;241m=[39m [38;5;241m1[39m
[0;32m--> 126[0m [38;5;28;01mreturn[39;00m [43m_bootstrap[49m[38;5;241;43m.[39;49m[43m_gcd_import[49m[43m([49m[43mname[49m[43m[[49m[43mlevel[49m[43m:[49m[43m][49m[43m,[49m[43m [49m[43mpackage[49m[43m,[49m[43m [49m[43mlevel[49m[43m)[49m

File [0;32m~/mambaforge/envs/nc-book/lib/python3.11/site-packages/deepxde/backend/tensorflow_compat_v1/__init__.py:5[0m
[1;32m      1[0m [38;5;28;01mimport[39;00m [38;5;21;01mos[39;00m
[1;32m      3[0m os[38;5;241m.[39menviron[[38;5;124m"[39m[38;5;124mTF_FORCE_GPU_ALLOW_GROWTH[39m[38;5;124m"[39m] [38;5;241m=[39m [38;5;124m"[39m[38;5;124mtrue[39m[38;5;124m"[39m
[0;32m----> 5[0m [38;5;28;01mfrom[39;00m [38;5;21;01m.[39;00m[38;5;21;01mtensor[39;00m [38;5;28;01mimport[39;00m [38;5;241m*[39m  [38;5;66;03m# pylint: disable=redefined-builtin[39;00m

File [0;32m~/mambaforge/envs/nc-book/lib/python3.11/site-packages/deepxde/backend/tensorflow_compat_v1/tensor.py:4[0m
[1;32m      1[0m [38;5;124;03m"""tensorflow.compat.v1 backend implementation"""[39;00m
[1;32m      2[0m [38;5;28;01mfrom[39;00m [38;5;21;01mpackaging[39;00m[38;5;21;01m.[39;00m[38;5;21;01mversion[39;00m [38;5;28;01mimport[39;00m Version
[0;32m----> 4[0m [38;5;28;01mimport[39;00m [38;5;21;01mtensorflow[39;00m[38;5;21;01m.[39;00m[38;5;21;01mcompat[39;00m[38;5;21;01m.[39;00m[38;5;21;01mv1[39;00m [38;5;28;01mas[39;00m [38;5;21;01mtf[39;00m
[1;32m      7[0m [38;5;28;01mif[39;00m Version(tf[38;5;241m.[39m__version__) [38;5;241m<[39m Version([38;5;124m"[39m[38;5;124m2.7.0[39m[38;5;124m"[39m):
[1;32m      8[0m     [38;5;28;01mraise[39;00m [38;5;167;01mRuntimeError[39;00m([38;5;124m"[39m[38;5;124mDeepXDE requires TensorFlow>=2.7.0.[39m[38;5;124m"[39m)

[0;31mModuleNotFoundError[0m: No module named 'tensorflow'
ModuleNotFoundError: No module named 'tensorflow'

